[DEBUG] Script started.
[DEBUG] Form submitted.
[DEBUG] Fetching students for family code: 1
[DEBUG] Script execution completed.
[DEBUG] Script started.
[DEBUG] Script execution completed.
[DEBUG] Script started.
[DEBUG] Script execution completed.
[DEBUG] Script started.
[DEBUG] Form submitted.
[DEBUG] Fetching students for family code: 1
[DEBUG] Script execution completed.
[DEBUG] Script started.
[DEBUG] Form submitted.
[DEBUG] Processing payments for family code: 1
[DEBUG] Processing payments for Student ID: 23 with amount: 600
[DEBUG] Paid 200 on Challan ID: 55. Remaining: 400
[DEBUG] Paid 400 on Challan ID: 56. Remaining: 0
[DEBUG] Script execution completed.
[DEBUG] Script started.
[DEBUG] Form submitted.
[DEBUG] Fetching students for family code: 1
[DEBUG] Script execution completed.
[DEBUG] Script started.
[DEBUG] Script execution completed.
[DEBUG] Script started.
[DEBUG] Form submitted.
[DEBUG] Fetching students for family code: 1
[DEBUG] Script execution completed.
[DEBUG] Script started.
[DEBUG] Form submitted.
[DEBUG] Fetching students for family code: 1
[DEBUG] Script execution completed.
[DEBUG] Script started.
[DEBUG] Form submitted.
[DEBUG] Processing payments for family code: 1
[DEBUG] Processing payments for Student ID: 23 with amount: 200
[DEBUG] Paid 100 on Challan ID: 57. Remaining: 100
[DEBUG] Paid 100 on Challan ID: 58. Remaining: 0
[DEBUG] Script execution completed.
[DEBUG] Script started.
[DEBUG] Form submitted.
[DEBUG] Fetching students for family code: 1
[DEBUG] Script execution completed.
[DEBUG] Script started.
[DEBUG] Script execution completed.
[DEBUG] Script started.
[DEBUG] Form submitted.
[DEBUG] Fetching students for family code: 1
[DEBUG] Script execution completed.
[DEBUG] Script started.
[DEBUG] Script execution completed.
[DEBUG] Script started.
[DEBUG] Script execution completed.
[DEBUG] Script started.
[DEBUG] Form submitted.
[DEBUG] Fetching students for family code: 1
[DEBUG] Script execution completed.
[DEBUG] Script started.
[DEBUG] Script execution completed.
[DEBUG] Script started.
[DEBUG] Form submitted.
[DEBUG] Fetching students for family code: 1
[DEBUG] Script execution completed.
[DEBUG] Script started.
[DEBUG] Script execution completed.
[DEBUG] Script started.
[DEBUG] Script execution completed.
[DEBUG] Script started.
[DEBUG] Script execution completed.
[DEBUG] Script started.
[DEBUG] Script execution completed.
[DEBUG] Script started.
[DEBUG] Form submitted.
[DEBUG] Fetching students for family code: 1
[DEBUG] Form submitted.
[DEBUG] Fetching students for family code: 1
[DEBUG] Script execution completed.
[DEBUG] Script started.
[DEBUG] Form submitted.
[DEBUG] Fetching students for family code: 1
[DEBUG] Form submitted.
[DEBUG] Fetching students for family code: 1
[DEBUG] Script execution completed.
[DEBUG] Script started.
[DEBUG] Form submitted.
[DEBUG] Fetching students for family code: 1
[DEBUG] Form submitted.
[DEBUG] Fetching students for family code: 1
[DEBUG] Script execution completed.
